<?xml version="1.0" encoding="UTF-8"?>
<!-- Generated by org.testng.reporters.JUnitReportReporter -->
<testsuite hostname="Reddy" name="com.qa.test.RegpageTest" tests="2" failures="0" timestamp="17 Nov 2018 10:33:18 GMT" time="30.733" errors="0">
  <testcase name="validateCreateNewReg" time="18.364" classname="com.qa.test.RegpageTest"/>
  <testcase name="verifyResgisterPageTitleTest" time="12.369" classname="com.qa.test.RegpageTest"/>
</testsuite> <!-- com.qa.test.RegpageTest -->
